<?xml version="1.0" encoding="UTF-8"?>
<!-- Generated by org.testng.reporters.JUnitReportReporter -->
<testsuite skipped="0" hostname="USLMAGVIJAYARA1" name="Suite1.firstcodetng" tests="1" failures="0" timestamp="17 Sep 2017 04:55:27 GMT" time="7.413" errors="0">
  <testcase name="fbtest" time="7.413" classname="Suite1.firstcodetng"/>
</testsuite> <!-- Suite1.firstcodetng -->
