<?xml version="1.0" encoding="UTF-8"?>
<!-- Generated by org.testng.reporters.JUnitReportReporter -->
<testsuite skipped="1" hostname="USLMAGVIJAYARA1" name="testngfiles.Annotations" tests="2" failures="0" timestamp="17 Sep 2017 18:14:48 GMT" time="0.015" errors="0">
  <testcase name="prior1" time="0.015" classname="testngfiles.Annotations"/>
  <testcase name="skip" classname="testngfiles.Annotations">
    <skipped/>
  </testcase> <!-- skip -->
</testsuite> <!-- testngfiles.Annotations -->
