<?xml version="1.0" encoding="UTF-8"?>
<!-- Generated by org.testng.reporters.JUnitReportReporter -->
<testsuite skipped="0" hostname="USLMAGVIJAYARA1" name="testngfiles.Annotation1" tests="3" failures="0" timestamp="17 Sep 2017 04:55:27 GMT" time="0.008" errors="0">
  <testcase name="dataprov" time="0.008" classname="testngfiles.Annotation1"/>
  <testcase name="dataprov" time="0.000" classname="testngfiles.Annotation1"/>
  <testcase name="dataprov" time="0.000" classname="testngfiles.Annotation1"/>
</testsuite> <!-- testngfiles.Annotation1 -->
