<?xml version="1.0" encoding="UTF-8"?>
<!-- Generated by org.testng.reporters.JUnitReportReporter -->
<testsuite skipped="1" hostname="USLMAGVIJAYARA1" name="Framework.AppTest" tests="8" failures="0" timestamp="17 Sep 2017 04:36:32 GMT" time="0.025" errors="0">
  <testcase name="prior2" time="0.002" classname="Framework.AppTest"/>
  <testcase name="Openbrowser" time="0.005" classname="Framework.AppTest"/>
  <testcase name="prior1" time="0.001" classname="Framework.AppTest"/>
  <testcase name="dataprov" time="0.005" classname="Framework.AppTest"/>
  <testcase name="Closebrowser" time="0.002" classname="Framework.AppTest"/>
  <testcase name="dataprov" time="0.006" classname="Framework.AppTest"/>
  <testcase name="dataprov" time="0.004" classname="Framework.AppTest"/>
  <testcase name="skip" classname="Framework.AppTest">
    <skipped/>
  </testcase> <!-- skip -->
</testsuite> <!-- Framework.AppTest -->
