<?xml version="1.0" encoding="UTF-8"?>
<!-- Generated by org.testng.reporters.JUnitReportReporter -->
<testsuite hostname="PREB8CA3AD8A91E" name="com.tcoe.tests.Pelican_CCW_UpdateHouseholdInfo" tests="1" failures="0" timestamp="21 Jul 2015 04:06:57 GMT" time="59.552" errors="0">
  <testcase name="testPelicanCcw" time="59.552" classname="com.tcoe.tests.Pelican_CCW_UpdateHouseholdInfo"/>
</testsuite> <!-- com.tcoe.tests.Pelican_CCW_UpdateHouseholdInfo -->
