<?xml version="1.0" encoding="UTF-8"?>
<!-- Generated by org.testng.reporters.JUnitReportReporter -->
<testsuite hostname="USBLRTAPDAS1" name="com.tcoe.tests.Test1" tests="1" failures="0" timestamp="1 May 2015 14:42:48 GMT" time="35.035" errors="0">
  <testcase name="ebay" time="35.035" classname="com.tcoe.tests.Test1"/>
</testsuite> <!-- com.tcoe.tests.Test1 -->
