<?xml version="1.0" encoding="UTF-8"?>
<!-- Generated by org.testng.reporters.JUnitReportReporter -->
<testsuite hostname="PREB8CA3AD8A91E" name="com.tcoe.tests.Pelican_CLS_Admin_WorkLoad_AddingStaff" tests="1" failures="0" timestamp="21 Jul 2015 03:58:16 GMT" time="32.171" errors="0">
  <testcase name="testPelicanCls" time="32.171" classname="com.tcoe.tests.Pelican_CLS_Admin_WorkLoad_AddingStaff"/>
</testsuite> <!-- com.tcoe.tests.Pelican_CLS_Admin_WorkLoad_AddingStaff -->
