<?xml version="1.0" encoding="UTF-8"?>
<!-- Generated by org.testng.reporters.JUnitReportReporter -->
<testsuite skipped="0" hostname="USLMAGVIJAYARA1" name="testngapp" tests="2" failures="0" timestamp="24 Sep 2017 23:55:37 GMT" time="0.006" errors="0">
  <testcase name="Openbrowser" time="0.001" classname="testngapp"/>
  <testcase name="Closebrowser" time="0.005" classname="testngapp"/>
</testsuite> <!-- testngapp -->
