<?xml version="1.0" encoding="UTF-8"?>
<!-- Generated by org.testng.reporters.JUnitReportReporter -->
<testsuite skipped="1" hostname="USLMAGVIJAYARA1" name="testngfiles.Annotations" tests="5" failures="0" timestamp="20 Sep 2017 17:00:53 GMT" time="0.020" errors="0">
  <testcase name="Openbrowser" time="0.012" classname="testngfiles.Annotations"/>
  <testcase name="prior1" time="0.004" classname="testngfiles.Annotations"/>
  <testcase name="Closebrowser" time="0.000" classname="testngfiles.Annotations"/>
  <testcase name="prior2" time="0.004" classname="testngfiles.Annotations"/>
  <testcase name="skip" classname="testngfiles.Annotations">
    <skipped/>
  </testcase> <!-- skip -->
</testsuite> <!-- testngfiles.Annotations -->
