<?xml version="1.0" encoding="UTF-8"?>
<!-- Generated by org.testng.reporters.JUnitReportReporter -->
<testsuite skipped="0" hostname="USLMAGVIJAYARA1" name="Suite1.Javaalert" tests="1" failures="0" timestamp="19 Sep 2017 23:18:28 GMT" time="6.916" errors="0">
  <testcase name="fbtest" time="6.916" classname="Suite1.Javaalert"/>
</testsuite> <!-- Suite1.Javaalert -->
