<?xml version="1.0" encoding="UTF-8"?>
<!-- Generated by org.testng.reporters.JUnitReportReporter -->
<testsuite skipped="1" hostname="USLMAGVIJAYARA1" name="testngfiles.Annotations" tests="5" failures="0" timestamp="19 Sep 2017 21:35:39 GMT" time="0.016" errors="0">
  <testcase name="Openbrowser" time="0.000" classname="testngfiles.Annotations"/>
  <testcase name="prior1" time="0.000" classname="testngfiles.Annotations"/>
  <testcase name="Closebrowser" time="0.016" classname="testngfiles.Annotations"/>
  <testcase name="prior2" time="0.000" classname="testngfiles.Annotations"/>
  <testcase name="skip" classname="testngfiles.Annotations">
    <skipped/>
  </testcase> <!-- skip -->
</testsuite> <!-- testngfiles.Annotations -->
