<?xml version="1.0" encoding="UTF-8"?>
<!-- Generated by org.testng.reporters.JUnitReportReporter -->
<testsuite skipped="0" hostname="USLMAGVIJAYARA1" name="testngfiles.Annotations" tests="2" failures="0" timestamp="15 Sep 2017 22:03:50 GMT" time="0.016" errors="0">
  <testcase name="Openbrowser" time="0.016" classname="testngfiles.Annotations"/>
  <testcase name="Closebrowser" time="0.000" classname="testngfiles.Annotations"/>
</testsuite> <!-- testngfiles.Annotations -->
