<?xml version="1.0" encoding="UTF-8"?>
<!-- Generated by org.testng.reporters.JUnitReportReporter -->
<testsuite skipped="0" hostname="USLMAGVIJAYARA1" name="testngfiles.Annotation1" tests="3" failures="0" timestamp="16 Sep 2017 21:33:08 GMT" time="0.016" errors="0">
  <testcase name="dataprov" time="0.000" classname="testngfiles.Annotation1"/>
  <testcase name="dataprov" time="0.000" classname="testngfiles.Annotation1"/>
  <testcase name="dataprov" time="0.016" classname="testngfiles.Annotation1"/>
</testsuite> <!-- testngfiles.Annotation1 -->
